mode: atomic
github.com/prongbang/goenv/goenv.go:14.13,15.34 1 1
github.com/prongbang/goenv/goenv.go:15.34,17.3 1 0
github.com/prongbang/goenv/goenv.go:21.40,22.24 1 3
github.com/prongbang/goenv/goenv.go:26.2,26.32 1 3
github.com/prongbang/goenv/goenv.go:38.2,38.12 1 3
github.com/prongbang/goenv/goenv.go:22.24,24.3 1 2
github.com/prongbang/goenv/goenv.go:26.32,28.15 2 3
github.com/prongbang/goenv/goenv.go:31.3,34.29 3 3
github.com/prongbang/goenv/goenv.go:28.15,30.4 1 0
github.com/prongbang/goenv/goenv.go:34.29,36.4 1 6
github.com/prongbang/goenv/goenv.go:42.37,44.2 1 6
github.com/prongbang/goenv/goenv.go:46.29,50.21 3 3
github.com/prongbang/goenv/goenv.go:62.2,62.12 1 3
github.com/prongbang/goenv/goenv.go:50.21,52.34 2 6
github.com/prongbang/goenv/goenv.go:52.34,54.24 2 6
github.com/prongbang/goenv/goenv.go:54.24,58.5 3 6
